2021-09-19 14:08:50,574 INFO o.a.j.u.JMeterUtils: Setting Locale to en_EN
2021-09-19 14:08:50,596 INFO o.a.j.JMeter: Loading user properties from: /opt/homebrew/Cellar/jmeter/5.4.1/libexec/bin/user.properties
2021-09-19 14:08:50,597 INFO o.a.j.JMeter: Loading system properties from: /opt/homebrew/Cellar/jmeter/5.4.1/libexec/bin/system.properties
2021-09-19 14:08:50,601 INFO o.a.j.JMeter: Copyright (c) 1998-2021 The Apache Software Foundation
2021-09-19 14:08:50,601 INFO o.a.j.JMeter: Version 5.4.1
2021-09-19 14:08:50,601 INFO o.a.j.JMeter: java.version=17
2021-09-19 14:08:50,601 INFO o.a.j.JMeter: java.vm.name=OpenJDK 64-Bit Server VM
2021-09-19 14:08:50,601 INFO o.a.j.JMeter: os.name=Mac OS X
2021-09-19 14:08:50,601 INFO o.a.j.JMeter: os.arch=aarch64
2021-09-19 14:08:50,602 INFO o.a.j.JMeter: os.version=11.6
2021-09-19 14:08:50,602 INFO o.a.j.JMeter: file.encoding=UTF-8
2021-09-19 14:08:50,602 INFO o.a.j.JMeter: java.awt.headless=null
2021-09-19 14:08:50,602 INFO o.a.j.JMeter: Max memory     =1073741824
2021-09-19 14:08:50,602 INFO o.a.j.JMeter: Available Processors =8
2021-09-19 14:08:50,610 INFO o.a.j.JMeter: Default Locale=English (EN)
2021-09-19 14:08:50,610 INFO o.a.j.JMeter: JMeter  Locale=English (EN)
2021-09-19 14:08:50,610 INFO o.a.j.JMeter: JMeterHome=/opt/homebrew/Cellar/jmeter/5.4.1/libexec
2021-09-19 14:08:50,610 INFO o.a.j.JMeter: user.dir  =/Users/kodjo/workspace/afriex-jmeter-testbench/docker/control
2021-09-19 14:08:50,611 INFO o.a.j.JMeter: PWD       =/Users/kodjo/workspace/afriex-jmeter-testbench/docker/control
2021-09-19 14:08:50,617 INFO o.a.j.JMeter: IP: 192.168.1.57 Name: kodjos-MBP.broadband FullName: kodjos-mbp.broadband
2021-09-19 14:08:51,131 INFO o.a.j.JMeter: Setting LAF to: laf:javax.swing.plaf.nimbus.NimbusLookAndFeel
2021-09-19 14:08:54,277 INFO o.a.j.JMeter: Loaded icon properties from org/apache/jmeter/images/icon.properties
2021-09-19 14:08:55,332 INFO o.j.r.JARSourceHTTP: Requesting https://jmeter-plugins.org/repo/?installID=mac_os_x-b5c329e71b0118f5733e57603d9f7c77-gui
2021-09-19 14:08:56,780 INFO o.j.r.PluginManager: Plugins Status: [jpgc-casutg=2.9, jpgc-plugins-manager=1.6, jpgc-csvars=0.1, jmeter-core=5.4.1, jmeter-ftp=5.4.1, jmeter-http=5.4.1, jmeter-jdbc=5.4.1, jmeter-jms=5.4.1, jmeter-junit=5.4.1, jmeter-java=5.4.1, jmeter-ldap=5.4.1, jmeter-mail=5.4.1, jmeter-mongodb=5.4.1, jmeter-native=5.4.1, jmeter-tcp=5.4.1, jmeter-components=5.4.1]
2021-09-19 14:08:56,781 INFO o.j.r.PluginManagerMenuItem: Plugins Manager has upgrades: [jpgc-casutg]
2021-09-19 14:09:01,511 INFO o.a.j.s.FileServer: Default base='/Users/kodjo/workspace/afriex-jmeter-testbench/docker/control'
2021-09-19 14:09:01,513 INFO o.a.j.g.a.Load: Loading file: /Users/kodjo/workspace/afriex-jmeter-testbench/kubernetes-artefacts/reporter/HTTP Request.jmx
2021-09-19 14:09:01,513 INFO o.a.j.s.FileServer: Set new base='/Users/kodjo/workspace/afriex-jmeter-testbench/kubernetes-artefacts/reporter'
2021-09-19 14:09:01,632 INFO o.a.j.s.SaveService: Testplan (JMX) version: 2.2. Testlog (JTL) version: 2.2
2021-09-19 14:09:01,639 INFO o.a.j.s.SaveService: Using SaveService properties version 5.0
2021-09-19 14:09:01,641 INFO o.a.j.s.SaveService: Using SaveService properties file encoding UTF-8
2021-09-19 14:09:01,642 INFO o.a.j.s.SaveService: Loading file: /Users/kodjo/workspace/afriex-jmeter-testbench/kubernetes-artefacts/reporter/HTTP Request.jmx
2021-09-19 14:09:01,710 INFO o.a.j.p.h.s.HTTPSamplerBase: Parser for text/html is org.apache.jmeter.protocol.http.parser.LagartoBasedHtmlParser
2021-09-19 14:09:01,710 INFO o.a.j.p.h.s.HTTPSamplerBase: Parser for application/xhtml+xml is org.apache.jmeter.protocol.http.parser.LagartoBasedHtmlParser
2021-09-19 14:09:01,710 INFO o.a.j.p.h.s.HTTPSamplerBase: Parser for application/xml is org.apache.jmeter.protocol.http.parser.LagartoBasedHtmlParser
2021-09-19 14:09:01,710 INFO o.a.j.p.h.s.HTTPSamplerBase: Parser for text/xml is org.apache.jmeter.protocol.http.parser.LagartoBasedHtmlParser
2021-09-19 14:09:01,710 INFO o.a.j.p.h.s.HTTPSamplerBase: Parser for text/vnd.wap.wml is org.apache.jmeter.protocol.http.parser.RegexpHTMLParser
2021-09-19 14:09:01,710 INFO o.a.j.p.h.s.HTTPSamplerBase: Parser for text/css is org.apache.jmeter.protocol.http.parser.CssParser
2021-09-19 14:09:01,715 INFO o.a.j.s.SampleResult: Note: Sample TimeStamps are START times
2021-09-19 14:09:01,715 INFO o.a.j.s.SampleResult: sampleresult.default.encoding is set to ISO-8859-1
2021-09-19 14:09:01,716 INFO o.a.j.s.SampleResult: sampleresult.useNanoTime=true
2021-09-19 14:09:01,716 INFO o.a.j.s.SampleResult: sampleresult.nanoThreadSleep=5000
2021-09-19 14:09:01,932 INFO o.a.j.v.ViewResultsFullVisualizer: Add JavaFX to your Java installation if you want to use renderer: org.apache.jmeter.visualizers.RenderInBrowser
2021-09-19 14:09:01,989 INFO o.a.j.s.FileServer: Set new base='/Users/kodjo/workspace/afriex-jmeter-testbench/kubernetes-artefacts/reporter'
