2021-11-01 01:33:18,664 INFO o.a.j.u.JMeterUtils: Setting Locale to en_EN
2021-11-01 01:33:18,681 INFO o.a.j.JMeter: Loading user properties from: /opt/homebrew/Cellar/jmeter/5.4.1/libexec/bin/user.properties
2021-11-01 01:33:18,682 INFO o.a.j.JMeter: Loading system properties from: /opt/homebrew/Cellar/jmeter/5.4.1/libexec/bin/system.properties
2021-11-01 01:33:18,685 INFO o.a.j.JMeter: Copyright (c) 1998-2021 The Apache Software Foundation
2021-11-01 01:33:18,685 INFO o.a.j.JMeter: Version 5.4.1
2021-11-01 01:33:18,685 INFO o.a.j.JMeter: java.version=17
2021-11-01 01:33:18,685 INFO o.a.j.JMeter: java.vm.name=OpenJDK 64-Bit Server VM
2021-11-01 01:33:18,685 INFO o.a.j.JMeter: os.name=Mac OS X
2021-11-01 01:33:18,685 INFO o.a.j.JMeter: os.arch=aarch64
2021-11-01 01:33:18,685 INFO o.a.j.JMeter: os.version=11.6
2021-11-01 01:33:18,686 INFO o.a.j.JMeter: file.encoding=UTF-8
2021-11-01 01:33:18,686 INFO o.a.j.JMeter: java.awt.headless=null
2021-11-01 01:33:18,686 INFO o.a.j.JMeter: Max memory     =1073741824
2021-11-01 01:33:18,686 INFO o.a.j.JMeter: Available Processors =8
2021-11-01 01:33:18,692 INFO o.a.j.JMeter: Default Locale=English (EN)
2021-11-01 01:33:18,692 INFO o.a.j.JMeter: JMeter  Locale=English (EN)
2021-11-01 01:33:18,692 INFO o.a.j.JMeter: JMeterHome=/opt/homebrew/Cellar/jmeter/5.4.1/libexec
2021-11-01 01:33:18,692 INFO o.a.j.JMeter: user.dir  =/Users/kodjo/workspace/afriex-jmeter-testbench
2021-11-01 01:33:18,692 INFO o.a.j.JMeter: PWD       =/Users/kodjo/workspace/afriex-jmeter-testbench
2021-11-01 01:33:18,698 INFO o.a.j.JMeter: IP: 192.168.1.57 Name: kodjos-MBP.broadband FullName: kodjos-mbp.broadband
2021-11-01 01:33:19,256 INFO o.a.j.JMeter: Setting LAF to: laf:javax.swing.plaf.nimbus.NimbusLookAndFeel
2021-11-01 01:33:20,272 INFO o.a.j.JMeter: Loaded icon properties from org/apache/jmeter/images/icon.properties
2021-11-01 01:33:21,100 ERROR o.a.j.r.ClassFinder: Error filtering class okhttp3.internal.tls.BasicTrustRootIndex, it will be ignored
java.lang.IncompatibleClassChangeError: class okhttp3.internal.tls.BasicTrustRootIndex can not implement okhttp3.internal.tls.TrustRootIndex, because it is not an interface (okhttp3.internal.tls.TrustRootIndex is in unnamed module of loader org.apache.jmeter.DynamicClassLoader @483bf400)
	at java.lang.ClassLoader.defineClass1(Native Method) ~[?:?]
	at java.lang.ClassLoader.defineClass(ClassLoader.java:1012) ~[?:?]
	at java.security.SecureClassLoader.defineClass(SecureClassLoader.java:150) ~[?:?]
	at java.net.URLClassLoader.defineClass(URLClassLoader.java:519) ~[?:?]
	at java.net.URLClassLoader$1.run(URLClassLoader.java:427) ~[?:?]
	at java.net.URLClassLoader$1.run(URLClassLoader.java:421) ~[?:?]
	at java.security.AccessController.doPrivileged(AccessController.java:712) ~[?:?]
	at java.net.URLClassLoader.findClass(URLClassLoader.java:420) ~[?:?]
	at java.lang.ClassLoader.loadClass(ClassLoader.java:587) ~[?:?]
	at java.lang.ClassLoader.loadClass(ClassLoader.java:520) ~[?:?]
	at java.lang.Class.forName0(Native Method) ~[?:?]
	at java.lang.Class.forName(Class.java:467) ~[?:?]
	at org.apache.jorphan.reflect.ClassFinder$ExtendsClassFilter.isChildOf(ClassFinder.java:100) ~[jorphan.jar:5.4.1]
	at org.apache.jorphan.reflect.ClassFinder$ExtendsClassFilter.accept(ClassFinder.java:86) ~[jorphan.jar:5.4.1]
	at org.apache.jorphan.reflect.ClassFinder.applyFiltering(ClassFinder.java:404) ~[jorphan.jar:5.4.1]
	at org.apache.jorphan.reflect.ClassFinder.lambda$findClassesInOnePath$2(ClassFinder.java:364) ~[jorphan.jar:5.4.1]
	at java.util.stream.ForEachOps$ForEachOp$OfRef.accept(ForEachOps.java:183) [?:?]
	at java.util.stream.ReferencePipeline$2$1.accept(ReferencePipeline.java:179) [?:?]
	at java.util.zip.ZipFile$EntrySpliterator.tryAdvance(ZipFile.java:557) [?:?]
	at java.util.Spliterator.forEachRemaining(Spliterator.java:332) [?:?]
	at java.util.stream.AbstractPipeline.copyInto(AbstractPipeline.java:509) [?:?]
	at java.util.stream.AbstractPipeline.wrapAndCopyInto(AbstractPipeline.java:499) [?:?]
	at java.util.stream.ForEachOps$ForEachOp.evaluateSequential(ForEachOps.java:150) [?:?]
	at java.util.stream.ForEachOps$ForEachOp$OfRef.evaluateSequential(ForEachOps.java:173) [?:?]
	at java.util.stream.AbstractPipeline.evaluate(AbstractPipeline.java:234) [?:?]
	at java.util.stream.ReferencePipeline.forEach(ReferencePipeline.java:596) [?:?]
	at org.apache.jorphan.reflect.ClassFinder.findClassesInOnePath(ClassFinder.java:362) [jorphan.jar:5.4.1]
	at org.apache.jorphan.reflect.ClassFinder.findClasses(ClassFinder.java:326) [jorphan.jar:5.4.1]
	at org.apache.jorphan.reflect.ClassFinder.findClassesThatExtend(ClassFinder.java:299) [jorphan.jar:5.4.1]
	at org.apache.jmeter.gui.action.ActionRouter.findClassesThatExtend(ActionRouter.java:314) [ApacheJMeter_core.jar:5.4.1]
	at org.apache.jmeter.gui.action.ActionRouter.populateCommandMap(ActionRouter.java:350) [ApacheJMeter_core.jar:5.4.1]
	at org.apache.jmeter.JMeter.startGui(JMeter.java:402) [ApacheJMeter_core.jar:5.4.1]
	at org.apache.jmeter.JMeter.start(JMeter.java:560) [ApacheJMeter_core.jar:5.4.1]
	at jdk.internal.reflect.NativeMethodAccessorImpl.invoke0(Native Method) ~[?:?]
	at jdk.internal.reflect.NativeMethodAccessorImpl.invoke(NativeMethodAccessorImpl.java:77) ~[?:?]
	at jdk.internal.reflect.DelegatingMethodAccessorImpl.invoke(DelegatingMethodAccessorImpl.java:43) ~[?:?]
	at java.lang.reflect.Method.invoke(Method.java:568) ~[?:?]
	at org.apache.jmeter.NewDriver.main(NewDriver.java:254) [ApacheJMeter.jar:5.4.1]
2021-11-01 01:33:21,221 ERROR o.a.j.r.ClassFinder: Error filtering class okhttp3.internal.tls.BasicTrustRootIndex, it will be ignored
java.lang.IncompatibleClassChangeError: class okhttp3.internal.tls.BasicTrustRootIndex can not implement okhttp3.internal.tls.TrustRootIndex, because it is not an interface (okhttp3.internal.tls.TrustRootIndex is in unnamed module of loader org.apache.jmeter.DynamicClassLoader @483bf400)
	at java.lang.ClassLoader.defineClass1(Native Method) ~[?:?]
	at java.lang.ClassLoader.defineClass(ClassLoader.java:1012) ~[?:?]
	at java.security.SecureClassLoader.defineClass(SecureClassLoader.java:150) ~[?:?]
	at java.net.URLClassLoader.defineClass(URLClassLoader.java:519) ~[?:?]
	at java.net.URLClassLoader$1.run(URLClassLoader.java:427) ~[?:?]
	at java.net.URLClassLoader$1.run(URLClassLoader.java:421) ~[?:?]
	at java.security.AccessController.doPrivileged(AccessController.java:712) ~[?:?]
	at java.net.URLClassLoader.findClass(URLClassLoader.java:420) ~[?:?]
	at java.lang.ClassLoader.loadClass(ClassLoader.java:587) ~[?:?]
	at java.lang.ClassLoader.loadClass(ClassLoader.java:520) ~[?:?]
	at java.lang.Class.forName0(Native Method) ~[?:?]
	at java.lang.Class.forName(Class.java:467) ~[?:?]
	at org.apache.jorphan.reflect.ClassFinder$ExtendsClassFilter.isChildOf(ClassFinder.java:100) ~[jorphan.jar:5.4.1]
	at org.apache.jorphan.reflect.ClassFinder$ExtendsClassFilter.accept(ClassFinder.java:86) ~[jorphan.jar:5.4.1]
	at org.apache.jorphan.reflect.ClassFinder.applyFiltering(ClassFinder.java:404) ~[jorphan.jar:5.4.1]
	at org.apache.jorphan.reflect.ClassFinder.lambda$findClassesInOnePath$2(ClassFinder.java:364) ~[jorphan.jar:5.4.1]
	at java.util.stream.ForEachOps$ForEachOp$OfRef.accept(ForEachOps.java:183) [?:?]
	at java.util.stream.ReferencePipeline$2$1.accept(ReferencePipeline.java:179) [?:?]
	at java.util.zip.ZipFile$EntrySpliterator.tryAdvance(ZipFile.java:557) [?:?]
	at java.util.Spliterator.forEachRemaining(Spliterator.java:332) [?:?]
	at java.util.stream.AbstractPipeline.copyInto(AbstractPipeline.java:509) [?:?]
	at java.util.stream.AbstractPipeline.wrapAndCopyInto(AbstractPipeline.java:499) [?:?]
	at java.util.stream.ForEachOps$ForEachOp.evaluateSequential(ForEachOps.java:150) [?:?]
	at java.util.stream.ForEachOps$ForEachOp$OfRef.evaluateSequential(ForEachOps.java:173) [?:?]
	at java.util.stream.AbstractPipeline.evaluate(AbstractPipeline.java:234) [?:?]
	at java.util.stream.ReferencePipeline.forEach(ReferencePipeline.java:596) [?:?]
	at org.apache.jorphan.reflect.ClassFinder.findClassesInOnePath(ClassFinder.java:362) [jorphan.jar:5.4.1]
	at org.apache.jorphan.reflect.ClassFinder.findClasses(ClassFinder.java:326) [jorphan.jar:5.4.1]
	at org.apache.jorphan.reflect.ClassFinder.findClassesThatExtend(ClassFinder.java:299) [jorphan.jar:5.4.1]
	at org.apache.jmeter.gui.action.ActionRouter.findClassesThatExtend(ActionRouter.java:314) [ApacheJMeter_core.jar:5.4.1]
	at org.apache.jmeter.gui.action.ActionRouter.populateCommandMap(ActionRouter.java:350) [ApacheJMeter_core.jar:5.4.1]
	at org.apache.jmeter.JMeter.startGui(JMeter.java:402) [ApacheJMeter_core.jar:5.4.1]
	at org.apache.jmeter.JMeter.start(JMeter.java:560) [ApacheJMeter_core.jar:5.4.1]
	at jdk.internal.reflect.NativeMethodAccessorImpl.invoke0(Native Method) ~[?:?]
	at jdk.internal.reflect.NativeMethodAccessorImpl.invoke(NativeMethodAccessorImpl.java:77) ~[?:?]
	at jdk.internal.reflect.DelegatingMethodAccessorImpl.invoke(DelegatingMethodAccessorImpl.java:43) ~[?:?]
	at java.lang.reflect.Method.invoke(Method.java:568) ~[?:?]
	at org.apache.jmeter.NewDriver.main(NewDriver.java:254) [ApacheJMeter.jar:5.4.1]
2021-11-01 01:33:23,182 ERROR o.a.j.r.ClassFinder: Error filtering class retrofit2.HttpServiceMethod, it will be ignored
java.lang.IncompatibleClassChangeError: class retrofit2.HttpServiceMethod cannot inherit from final class retrofit2.ServiceMethod
	at java.lang.ClassLoader.defineClass1(Native Method) ~[?:?]
	at java.lang.ClassLoader.defineClass(ClassLoader.java:1012) ~[?:?]
	at java.security.SecureClassLoader.defineClass(SecureClassLoader.java:150) ~[?:?]
	at java.net.URLClassLoader.defineClass(URLClassLoader.java:519) ~[?:?]
	at java.net.URLClassLoader$1.run(URLClassLoader.java:427) ~[?:?]
	at java.net.URLClassLoader$1.run(URLClassLoader.java:421) ~[?:?]
	at java.security.AccessController.doPrivileged(AccessController.java:712) ~[?:?]
	at java.net.URLClassLoader.findClass(URLClassLoader.java:420) ~[?:?]
	at java.lang.ClassLoader.loadClass(ClassLoader.java:587) ~[?:?]
	at java.lang.ClassLoader.loadClass(ClassLoader.java:520) ~[?:?]
	at java.lang.Class.forName0(Native Method) ~[?:?]
	at java.lang.Class.forName(Class.java:467) ~[?:?]
	at org.apache.jorphan.reflect.ClassFinder$ExtendsClassFilter.isChildOf(ClassFinder.java:100) ~[jorphan.jar:5.4.1]
	at org.apache.jorphan.reflect.ClassFinder$ExtendsClassFilter.accept(ClassFinder.java:86) ~[jorphan.jar:5.4.1]
	at org.apache.jorphan.reflect.ClassFinder.applyFiltering(ClassFinder.java:404) ~[jorphan.jar:5.4.1]
	at org.apache.jorphan.reflect.ClassFinder.lambda$findClassesInOnePath$2(ClassFinder.java:364) ~[jorphan.jar:5.4.1]
	at java.util.stream.ForEachOps$ForEachOp$OfRef.accept(ForEachOps.java:183) [?:?]
	at java.util.stream.ReferencePipeline$2$1.accept(ReferencePipeline.java:179) [?:?]
	at java.util.zip.ZipFile$EntrySpliterator.tryAdvance(ZipFile.java:557) [?:?]
	at java.util.Spliterator.forEachRemaining(Spliterator.java:332) [?:?]
	at java.util.stream.AbstractPipeline.copyInto(AbstractPipeline.java:509) [?:?]
	at java.util.stream.AbstractPipeline.wrapAndCopyInto(AbstractPipeline.java:499) [?:?]
	at java.util.stream.ForEachOps$ForEachOp.evaluateSequential(ForEachOps.java:150) [?:?]
	at java.util.stream.ForEachOps$ForEachOp$OfRef.evaluateSequential(ForEachOps.java:173) [?:?]
	at java.util.stream.AbstractPipeline.evaluate(AbstractPipeline.java:234) [?:?]
	at java.util.stream.ReferencePipeline.forEach(ReferencePipeline.java:596) [?:?]
	at org.apache.jorphan.reflect.ClassFinder.findClassesInOnePath(ClassFinder.java:362) [jorphan.jar:5.4.1]
	at org.apache.jorphan.reflect.ClassFinder.findClasses(ClassFinder.java:326) [jorphan.jar:5.4.1]
	at org.apache.jorphan.reflect.ClassFinder.findClassesThatExtend(ClassFinder.java:299) [jorphan.jar:5.4.1]
	at org.apache.jmeter.gui.action.ActionRouter.findClassesThatExtend(ActionRouter.java:314) [ApacheJMeter_core.jar:5.4.1]
	at org.apache.jmeter.gui.action.ActionRouter.populateCommandMap(ActionRouter.java:350) [ApacheJMeter_core.jar:5.4.1]
	at org.apache.jmeter.JMeter.startGui(JMeter.java:402) [ApacheJMeter_core.jar:5.4.1]
	at org.apache.jmeter.JMeter.start(JMeter.java:560) [ApacheJMeter_core.jar:5.4.1]
	at jdk.internal.reflect.NativeMethodAccessorImpl.invoke0(Native Method) ~[?:?]
	at jdk.internal.reflect.NativeMethodAccessorImpl.invoke(NativeMethodAccessorImpl.java:77) ~[?:?]
	at jdk.internal.reflect.DelegatingMethodAccessorImpl.invoke(DelegatingMethodAccessorImpl.java:43) ~[?:?]
	at java.lang.reflect.Method.invoke(Method.java:568) ~[?:?]
	at org.apache.jmeter.NewDriver.main(NewDriver.java:254) [ApacheJMeter.jar:5.4.1]
2021-11-01 01:33:23,418 ERROR o.a.j.r.ClassFinder: Error filtering class okhttp3.internal.tls.BasicTrustRootIndex, it will be ignored
java.lang.IncompatibleClassChangeError: class okhttp3.internal.tls.BasicTrustRootIndex can not implement okhttp3.internal.tls.TrustRootIndex, because it is not an interface (okhttp3.internal.tls.TrustRootIndex is in unnamed module of loader org.apache.jmeter.DynamicClassLoader @483bf400)
	at java.lang.ClassLoader.defineClass1(Native Method) ~[?:?]
	at java.lang.ClassLoader.defineClass(ClassLoader.java:1012) ~[?:?]
	at java.security.SecureClassLoader.defineClass(SecureClassLoader.java:150) ~[?:?]
	at java.net.URLClassLoader.defineClass(URLClassLoader.java:519) ~[?:?]
	at java.net.URLClassLoader$1.run(URLClassLoader.java:427) ~[?:?]
	at java.net.URLClassLoader$1.run(URLClassLoader.java:421) ~[?:?]
	at java.security.AccessController.doPrivileged(AccessController.java:712) ~[?:?]
	at java.net.URLClassLoader.findClass(URLClassLoader.java:420) ~[?:?]
	at java.lang.ClassLoader.loadClass(ClassLoader.java:587) ~[?:?]
	at java.lang.ClassLoader.loadClass(ClassLoader.java:520) ~[?:?]
	at java.lang.Class.forName0(Native Method) ~[?:?]
	at java.lang.Class.forName(Class.java:467) ~[?:?]
	at org.apache.jorphan.reflect.ClassFinder$ExtendsClassFilter.isChildOf(ClassFinder.java:100) ~[jorphan.jar:5.4.1]
	at org.apache.jorphan.reflect.ClassFinder$ExtendsClassFilter.accept(ClassFinder.java:86) ~[jorphan.jar:5.4.1]
	at org.apache.jorphan.reflect.ClassFinder.applyFiltering(ClassFinder.java:404) ~[jorphan.jar:5.4.1]
	at org.apache.jorphan.reflect.ClassFinder.lambda$findClassesInOnePath$2(ClassFinder.java:364) ~[jorphan.jar:5.4.1]
	at java.util.stream.ForEachOps$ForEachOp$OfRef.accept(ForEachOps.java:183) [?:?]
	at java.util.stream.ReferencePipeline$2$1.accept(ReferencePipeline.java:179) [?:?]
	at java.util.zip.ZipFile$EntrySpliterator.tryAdvance(ZipFile.java:557) [?:?]
	at java.util.Spliterator.forEachRemaining(Spliterator.java:332) [?:?]
	at java.util.stream.AbstractPipeline.copyInto(AbstractPipeline.java:509) [?:?]
	at java.util.stream.AbstractPipeline.wrapAndCopyInto(AbstractPipeline.java:499) [?:?]
	at java.util.stream.ForEachOps$ForEachOp.evaluateSequential(ForEachOps.java:150) [?:?]
	at java.util.stream.ForEachOps$ForEachOp$OfRef.evaluateSequential(ForEachOps.java:173) [?:?]
	at java.util.stream.AbstractPipeline.evaluate(AbstractPipeline.java:234) [?:?]
	at java.util.stream.ReferencePipeline.forEach(ReferencePipeline.java:596) [?:?]
	at org.apache.jorphan.reflect.ClassFinder.findClassesInOnePath(ClassFinder.java:362) [jorphan.jar:5.4.1]
	at org.apache.jorphan.reflect.ClassFinder.findClasses(ClassFinder.java:326) [jorphan.jar:5.4.1]
	at org.apache.jorphan.reflect.ClassFinder.findClassesThatExtend(ClassFinder.java:299) [jorphan.jar:5.4.1]
	at org.apache.jorphan.reflect.ClassFinder.findClassesThatExtend(ClassFinder.java:231) [jorphan.jar:5.4.1]
	at org.apache.jorphan.reflect.ClassFinder.findClassesThatExtend(ClassFinder.java:213) [jorphan.jar:5.4.1]
	at org.apache.jorphan.reflect.ClassFinder.findClassesThatExtend(ClassFinder.java:182) [jorphan.jar:5.4.1]
	at org.apache.jmeter.gui.util.JMeterMenuBar.findMenuCreators(JMeterMenuBar.java:223) [ApacheJMeter_core.jar:5.4.1]
	at org.apache.jmeter.gui.util.JMeterMenuBar.createMenuBar(JMeterMenuBar.java:196) [ApacheJMeter_core.jar:5.4.1]
	at org.apache.jmeter.gui.util.JMeterMenuBar.<init>(JMeterMenuBar.java:117) [ApacheJMeter_core.jar:5.4.1]
	at org.apache.jmeter.gui.MainFrame.init(MainFrame.java:515) [ApacheJMeter_core.jar:5.4.1]
	at org.apache.jmeter.gui.MainFrame.<init>(MainFrame.java:232) [ApacheJMeter_core.jar:5.4.1]
	at org.apache.jmeter.JMeter.startGui(JMeter.java:410) [ApacheJMeter_core.jar:5.4.1]
	at org.apache.jmeter.JMeter.start(JMeter.java:560) [ApacheJMeter_core.jar:5.4.1]
	at jdk.internal.reflect.NativeMethodAccessorImpl.invoke0(Native Method) ~[?:?]
	at jdk.internal.reflect.NativeMethodAccessorImpl.invoke(NativeMethodAccessorImpl.java:77) ~[?:?]
	at jdk.internal.reflect.DelegatingMethodAccessorImpl.invoke(DelegatingMethodAccessorImpl.java:43) ~[?:?]
	at java.lang.reflect.Method.invoke(Method.java:568) ~[?:?]
	at org.apache.jmeter.NewDriver.main(NewDriver.java:254) [ApacheJMeter.jar:5.4.1]
2021-11-01 01:33:23,422 ERROR o.a.j.r.ClassFinder: Error filtering class okhttp3.internal.tls.BasicTrustRootIndex, it will be ignored
java.lang.IncompatibleClassChangeError: class okhttp3.internal.tls.BasicTrustRootIndex can not implement okhttp3.internal.tls.TrustRootIndex, because it is not an interface (okhttp3.internal.tls.TrustRootIndex is in unnamed module of loader org.apache.jmeter.DynamicClassLoader @483bf400)
	at java.lang.ClassLoader.defineClass1(Native Method) ~[?:?]
	at java.lang.ClassLoader.defineClass(ClassLoader.java:1012) ~[?:?]
	at java.security.SecureClassLoader.defineClass(SecureClassLoader.java:150) ~[?:?]
	at java.net.URLClassLoader.defineClass(URLClassLoader.java:519) ~[?:?]
	at java.net.URLClassLoader$1.run(URLClassLoader.java:427) ~[?:?]
	at java.net.URLClassLoader$1.run(URLClassLoader.java:421) ~[?:?]
	at java.security.AccessController.doPrivileged(AccessController.java:712) ~[?:?]
	at java.net.URLClassLoader.findClass(URLClassLoader.java:420) ~[?:?]
	at java.lang.ClassLoader.loadClass(ClassLoader.java:587) ~[?:?]
	at java.lang.ClassLoader.loadClass(ClassLoader.java:520) ~[?:?]
	at java.lang.Class.forName0(Native Method) ~[?:?]
	at java.lang.Class.forName(Class.java:467) ~[?:?]
	at org.apache.jorphan.reflect.ClassFinder$ExtendsClassFilter.isChildOf(ClassFinder.java:100) ~[jorphan.jar:5.4.1]
	at org.apache.jorphan.reflect.ClassFinder$ExtendsClassFilter.accept(ClassFinder.java:86) ~[jorphan.jar:5.4.1]
	at org.apache.jorphan.reflect.ClassFinder.applyFiltering(ClassFinder.java:404) ~[jorphan.jar:5.4.1]
	at org.apache.jorphan.reflect.ClassFinder.lambda$findClassesInOnePath$2(ClassFinder.java:364) ~[jorphan.jar:5.4.1]
	at java.util.stream.ForEachOps$ForEachOp$OfRef.accept(ForEachOps.java:183) [?:?]
	at java.util.stream.ReferencePipeline$2$1.accept(ReferencePipeline.java:179) [?:?]
	at java.util.zip.ZipFile$EntrySpliterator.tryAdvance(ZipFile.java:557) [?:?]
	at java.util.Spliterator.forEachRemaining(Spliterator.java:332) [?:?]
	at java.util.stream.AbstractPipeline.copyInto(AbstractPipeline.java:509) [?:?]
	at java.util.stream.AbstractPipeline.wrapAndCopyInto(AbstractPipeline.java:499) [?:?]
	at java.util.stream.ForEachOps$ForEachOp.evaluateSequential(ForEachOps.java:150) [?:?]
	at java.util.stream.ForEachOps$ForEachOp$OfRef.evaluateSequential(ForEachOps.java:173) [?:?]
	at java.util.stream.AbstractPipeline.evaluate(AbstractPipeline.java:234) [?:?]
	at java.util.stream.ReferencePipeline.forEach(ReferencePipeline.java:596) [?:?]
	at org.apache.jorphan.reflect.ClassFinder.findClassesInOnePath(ClassFinder.java:362) [jorphan.jar:5.4.1]
	at org.apache.jorphan.reflect.ClassFinder.findClasses(ClassFinder.java:326) [jorphan.jar:5.4.1]
	at org.apache.jorphan.reflect.ClassFinder.findClassesThatExtend(ClassFinder.java:299) [jorphan.jar:5.4.1]
	at org.apache.jorphan.reflect.ClassFinder.findClassesThatExtend(ClassFinder.java:231) [jorphan.jar:5.4.1]
	at org.apache.jorphan.reflect.ClassFinder.findClassesThatExtend(ClassFinder.java:213) [jorphan.jar:5.4.1]
	at org.apache.jorphan.reflect.ClassFinder.findClassesThatExtend(ClassFinder.java:182) [jorphan.jar:5.4.1]
	at org.apache.jmeter.gui.util.JMeterMenuBar.findMenuCreators(JMeterMenuBar.java:223) [ApacheJMeter_core.jar:5.4.1]
	at org.apache.jmeter.gui.util.JMeterMenuBar.createMenuBar(JMeterMenuBar.java:196) [ApacheJMeter_core.jar:5.4.1]
	at org.apache.jmeter.gui.util.JMeterMenuBar.<init>(JMeterMenuBar.java:117) [ApacheJMeter_core.jar:5.4.1]
	at org.apache.jmeter.gui.MainFrame.init(MainFrame.java:515) [ApacheJMeter_core.jar:5.4.1]
	at org.apache.jmeter.gui.MainFrame.<init>(MainFrame.java:232) [ApacheJMeter_core.jar:5.4.1]
	at org.apache.jmeter.JMeter.startGui(JMeter.java:410) [ApacheJMeter_core.jar:5.4.1]
	at org.apache.jmeter.JMeter.start(JMeter.java:560) [ApacheJMeter_core.jar:5.4.1]
	at jdk.internal.reflect.NativeMethodAccessorImpl.invoke0(Native Method) ~[?:?]
	at jdk.internal.reflect.NativeMethodAccessorImpl.invoke(NativeMethodAccessorImpl.java:77) ~[?:?]
	at jdk.internal.reflect.DelegatingMethodAccessorImpl.invoke(DelegatingMethodAccessorImpl.java:43) ~[?:?]
	at java.lang.reflect.Method.invoke(Method.java:568) ~[?:?]
	at org.apache.jmeter.NewDriver.main(NewDriver.java:254) [ApacheJMeter.jar:5.4.1]
2021-11-01 01:33:23,470 ERROR o.a.j.r.ClassFinder: Error filtering class retrofit2.HttpServiceMethod, it will be ignored
java.lang.IncompatibleClassChangeError: class retrofit2.HttpServiceMethod cannot inherit from final class retrofit2.ServiceMethod
	at java.lang.ClassLoader.defineClass1(Native Method) ~[?:?]
	at java.lang.ClassLoader.defineClass(ClassLoader.java:1012) ~[?:?]
	at java.security.SecureClassLoader.defineClass(SecureClassLoader.java:150) ~[?:?]
	at java.net.URLClassLoader.defineClass(URLClassLoader.java:519) ~[?:?]
	at java.net.URLClassLoader$1.run(URLClassLoader.java:427) ~[?:?]
	at java.net.URLClassLoader$1.run(URLClassLoader.java:421) ~[?:?]
	at java.security.AccessController.doPrivileged(AccessController.java:712) ~[?:?]
	at java.net.URLClassLoader.findClass(URLClassLoader.java:420) ~[?:?]
	at java.lang.ClassLoader.loadClass(ClassLoader.java:587) ~[?:?]
	at java.lang.ClassLoader.loadClass(ClassLoader.java:520) ~[?:?]
	at java.lang.Class.forName0(Native Method) ~[?:?]
	at java.lang.Class.forName(Class.java:467) ~[?:?]
	at org.apache.jorphan.reflect.ClassFinder$ExtendsClassFilter.isChildOf(ClassFinder.java:100) ~[jorphan.jar:5.4.1]
	at org.apache.jorphan.reflect.ClassFinder$ExtendsClassFilter.accept(ClassFinder.java:86) ~[jorphan.jar:5.4.1]
	at org.apache.jorphan.reflect.ClassFinder.applyFiltering(ClassFinder.java:404) ~[jorphan.jar:5.4.1]
	at org.apache.jorphan.reflect.ClassFinder.lambda$findClassesInOnePath$2(ClassFinder.java:364) ~[jorphan.jar:5.4.1]
	at java.util.stream.ForEachOps$ForEachOp$OfRef.accept(ForEachOps.java:183) [?:?]
	at java.util.stream.ReferencePipeline$2$1.accept(ReferencePipeline.java:179) [?:?]
	at java.util.zip.ZipFile$EntrySpliterator.tryAdvance(ZipFile.java:557) [?:?]
	at java.util.Spliterator.forEachRemaining(Spliterator.java:332) [?:?]
	at java.util.stream.AbstractPipeline.copyInto(AbstractPipeline.java:509) [?:?]
	at java.util.stream.AbstractPipeline.wrapAndCopyInto(AbstractPipeline.java:499) [?:?]
	at java.util.stream.ForEachOps$ForEachOp.evaluateSequential(ForEachOps.java:150) [?:?]
	at java.util.stream.ForEachOps$ForEachOp$OfRef.evaluateSequential(ForEachOps.java:173) [?:?]
	at java.util.stream.AbstractPipeline.evaluate(AbstractPipeline.java:234) [?:?]
	at java.util.stream.ReferencePipeline.forEach(ReferencePipeline.java:596) [?:?]
	at org.apache.jorphan.reflect.ClassFinder.findClassesInOnePath(ClassFinder.java:362) [jorphan.jar:5.4.1]
	at org.apache.jorphan.reflect.ClassFinder.findClasses(ClassFinder.java:326) [jorphan.jar:5.4.1]
	at org.apache.jorphan.reflect.ClassFinder.findClassesThatExtend(ClassFinder.java:299) [jorphan.jar:5.4.1]
	at org.apache.jorphan.reflect.ClassFinder.findClassesThatExtend(ClassFinder.java:231) [jorphan.jar:5.4.1]
	at org.apache.jorphan.reflect.ClassFinder.findClassesThatExtend(ClassFinder.java:213) [jorphan.jar:5.4.1]
	at org.apache.jorphan.reflect.ClassFinder.findClassesThatExtend(ClassFinder.java:182) [jorphan.jar:5.4.1]
	at org.apache.jmeter.gui.util.JMeterMenuBar.findMenuCreators(JMeterMenuBar.java:223) [ApacheJMeter_core.jar:5.4.1]
	at org.apache.jmeter.gui.util.JMeterMenuBar.createMenuBar(JMeterMenuBar.java:196) [ApacheJMeter_core.jar:5.4.1]
	at org.apache.jmeter.gui.util.JMeterMenuBar.<init>(JMeterMenuBar.java:117) [ApacheJMeter_core.jar:5.4.1]
	at org.apache.jmeter.gui.MainFrame.init(MainFrame.java:515) [ApacheJMeter_core.jar:5.4.1]
	at org.apache.jmeter.gui.MainFrame.<init>(MainFrame.java:232) [ApacheJMeter_core.jar:5.4.1]
	at org.apache.jmeter.JMeter.startGui(JMeter.java:410) [ApacheJMeter_core.jar:5.4.1]
	at org.apache.jmeter.JMeter.start(JMeter.java:560) [ApacheJMeter_core.jar:5.4.1]
	at jdk.internal.reflect.NativeMethodAccessorImpl.invoke0(Native Method) ~[?:?]
	at jdk.internal.reflect.NativeMethodAccessorImpl.invoke(NativeMethodAccessorImpl.java:77) ~[?:?]
	at jdk.internal.reflect.DelegatingMethodAccessorImpl.invoke(DelegatingMethodAccessorImpl.java:43) ~[?:?]
	at java.lang.reflect.Method.invoke(Method.java:568) ~[?:?]
	at org.apache.jmeter.NewDriver.main(NewDriver.java:254) [ApacheJMeter.jar:5.4.1]
2021-11-01 01:33:23,528 WARN o.j.r.PluginManager: Found JAR conflict: /opt/homebrew/Cellar/jmeter/5.4.1/libexec/lib/ext/okhttp-4.7.2.jar and /opt/homebrew/Cellar/jmeter/5.4.1/libexec/lib/okhttp-3.12.13.jar
2021-11-01 01:33:23,539 INFO o.j.r.JARSourceHTTP: Requesting https://jmeter-plugins.org/repo/?installID=mac_os_x-98c307b25e6c25b42d17651a2ab8e7c8-gui
2021-11-01 01:33:24,655 ERROR o.a.j.r.ClassFinder: Error filtering class okhttp3.internal.tls.BasicTrustRootIndex, it will be ignored
java.lang.IncompatibleClassChangeError: class okhttp3.internal.tls.BasicTrustRootIndex can not implement okhttp3.internal.tls.TrustRootIndex, because it is not an interface (okhttp3.internal.tls.TrustRootIndex is in unnamed module of loader org.apache.jmeter.DynamicClassLoader @483bf400)
	at java.lang.ClassLoader.defineClass1(Native Method) ~[?:?]
	at java.lang.ClassLoader.defineClass(ClassLoader.java:1012) ~[?:?]
	at java.security.SecureClassLoader.defineClass(SecureClassLoader.java:150) ~[?:?]
	at java.net.URLClassLoader.defineClass(URLClassLoader.java:519) ~[?:?]
	at java.net.URLClassLoader$1.run(URLClassLoader.java:427) ~[?:?]
	at java.net.URLClassLoader$1.run(URLClassLoader.java:421) ~[?:?]
	at java.security.AccessController.doPrivileged(AccessController.java:712) ~[?:?]
	at java.net.URLClassLoader.findClass(URLClassLoader.java:420) ~[?:?]
	at java.lang.ClassLoader.loadClass(ClassLoader.java:587) ~[?:?]
	at java.lang.ClassLoader.loadClass(ClassLoader.java:520) ~[?:?]
	at java.lang.Class.forName0(Native Method) ~[?:?]
	at java.lang.Class.forName(Class.java:467) ~[?:?]
	at org.apache.jorphan.reflect.ClassFinder$ExtendsClassFilter.isChildOf(ClassFinder.java:100) ~[jorphan.jar:5.4.1]
	at org.apache.jorphan.reflect.ClassFinder$ExtendsClassFilter.accept(ClassFinder.java:86) ~[jorphan.jar:5.4.1]
	at org.apache.jorphan.reflect.ClassFinder.applyFiltering(ClassFinder.java:404) ~[jorphan.jar:5.4.1]
	at org.apache.jorphan.reflect.ClassFinder.lambda$findClassesInOnePath$2(ClassFinder.java:364) ~[jorphan.jar:5.4.1]
	at java.util.stream.ForEachOps$ForEachOp$OfRef.accept(ForEachOps.java:183) ~[?:?]
	at java.util.stream.ReferencePipeline$2$1.accept(ReferencePipeline.java:179) ~[?:?]
	at java.util.zip.ZipFile$EntrySpliterator.tryAdvance(ZipFile.java:557) ~[?:?]
	at java.util.Spliterator.forEachRemaining(Spliterator.java:332) ~[?:?]
	at java.util.stream.AbstractPipeline.copyInto(AbstractPipeline.java:509) ~[?:?]
	at java.util.stream.AbstractPipeline.wrapAndCopyInto(AbstractPipeline.java:499) ~[?:?]
	at java.util.stream.ForEachOps$ForEachOp.evaluateSequential(ForEachOps.java:150) ~[?:?]
	at java.util.stream.ForEachOps$ForEachOp$OfRef.evaluateSequential(ForEachOps.java:173) ~[?:?]
	at java.util.stream.AbstractPipeline.evaluate(AbstractPipeline.java:234) ~[?:?]
	at java.util.stream.ReferencePipeline.forEach(ReferencePipeline.java:596) ~[?:?]
	at org.apache.jorphan.reflect.ClassFinder.findClassesInOnePath(ClassFinder.java:362) ~[jorphan.jar:5.4.1]
	at org.apache.jorphan.reflect.ClassFinder.findClasses(ClassFinder.java:326) ~[jorphan.jar:5.4.1]
	at org.apache.jorphan.reflect.ClassFinder.findClassesThatExtend(ClassFinder.java:299) ~[jorphan.jar:5.4.1]
	at org.apache.jorphan.reflect.ClassFinder.findClassesThatExtend(ClassFinder.java:231) ~[jorphan.jar:5.4.1]
	at org.apache.jorphan.reflect.ClassFinder.findClassesThatExtend(ClassFinder.java:213) ~[jorphan.jar:5.4.1]
	at org.apache.jorphan.reflect.ClassFinder.findClassesThatExtend(ClassFinder.java:182) ~[jorphan.jar:5.4.1]
	at org.apache.jmeter.gui.util.MenuFactory.initializeMenus(MenuFactory.java:128) ~[ApacheJMeter_core.jar:5.4.1]
	at org.apache.jmeter.gui.util.MenuFactory.<clinit>(MenuFactory.java:107) ~[ApacheJMeter_core.jar:5.4.1]
	at org.apache.jmeter.control.gui.TestPlanGui.createPopupMenu(TestPlanGui.java:94) ~[ApacheJMeter_core.jar:5.4.1]
	at org.apache.jmeter.gui.tree.JMeterTreeNode.createPopupMenu(JMeterTreeNode.java:184) ~[ApacheJMeter_core.jar:5.4.1]
	at org.apache.jmeter.gui.action.EditCommand.doAction(EditCommand.java:46) ~[ApacheJMeter_core.jar:5.4.1]
	at org.apache.jmeter.gui.action.ActionRouter.performAction(ActionRouter.java:87) ~[ApacheJMeter_core.jar:5.4.1]
	at org.apache.jmeter.gui.action.ActionRouter.lambda$actionPerformed$0(ActionRouter.java:69) ~[ApacheJMeter_core.jar:5.4.1]
	at java.awt.event.InvocationEvent.dispatch(InvocationEvent.java:318) [?:?]
	at java.awt.EventQueue.dispatchEventImpl(EventQueue.java:771) [?:?]
	at java.awt.EventQueue$4.run(EventQueue.java:722) [?:?]
	at java.awt.EventQueue$4.run(EventQueue.java:716) [?:?]
	at java.security.AccessController.doPrivileged(AccessController.java:399) ~[?:?]
	at java.security.ProtectionDomain$JavaSecurityAccessImpl.doIntersectionPrivilege(ProtectionDomain.java:86) ~[?:?]
	at java.awt.EventQueue.dispatchEvent(EventQueue.java:741) ~[?:?]
	at java.awt.EventDispatchThread.pumpOneEventForFilters(EventDispatchThread.java:203) ~[?:?]
	at java.awt.EventDispatchThread.pumpEventsForFilter(EventDispatchThread.java:124) ~[?:?]
	at java.awt.EventDispatchThread.pumpEventsForFilter(EventDispatchThread.java:117) ~[?:?]
	at java.awt.WaitDispatchSupport$2.run(WaitDispatchSupport.java:191) ~[?:?]
	at java.awt.WaitDispatchSupport$4.run(WaitDispatchSupport.java:236) ~[?:?]
	at java.awt.WaitDispatchSupport$4.run(WaitDispatchSupport.java:234) ~[?:?]
	at java.security.AccessController.doPrivileged(AccessController.java:318) [?:?]
	at java.awt.WaitDispatchSupport.enter(WaitDispatchSupport.java:234) ~[?:?]
	at java.awt.Dialog.show(Dialog.java:1080) ~[?:?]
	at java.awt.Component.show(Component.java:1728) ~[?:?]
	at java.awt.Component.setVisible(Component.java:1675) ~[?:?]
	at java.awt.Window.setVisible(Window.java:1036) ~[?:?]
	at java.awt.Dialog.setVisible(Dialog.java:1016) ~[?:?]
	at org.apache.jmeter.SplashScreen.lambda$showScreen$0(SplashScreen.java:95) ~[ApacheJMeter_core.jar:5.4.1]
	at java.awt.event.InvocationEvent.dispatch(InvocationEvent.java:318) ~[?:?]
	at java.awt.EventQueue.dispatchEventImpl(EventQueue.java:771) ~[?:?]
	at java.awt.EventQueue$4.run(EventQueue.java:722) ~[?:?]
	at java.awt.EventQueue$4.run(EventQueue.java:716) ~[?:?]
	at java.security.AccessController.doPrivileged(AccessController.java:399) [?:?]
	at java.security.ProtectionDomain$JavaSecurityAccessImpl.doIntersectionPrivilege(ProtectionDomain.java:86) [?:?]
	at java.awt.EventQueue.dispatchEvent(EventQueue.java:741) [?:?]
	at java.awt.EventDispatchThread.pumpOneEventForFilters(EventDispatchThread.java:203) [?:?]
	at java.awt.EventDispatchThread.pumpEventsForFilter(EventDispatchThread.java:124) [?:?]
	at java.awt.EventDispatchThread.pumpEventsForHierarchy(EventDispatchThread.java:113) [?:?]
	at java.awt.EventDispatchThread.pumpEvents(EventDispatchThread.java:109) [?:?]
	at java.awt.EventDispatchThread.pumpEvents(EventDispatchThread.java:101) [?:?]
	at java.awt.EventDispatchThread.run(EventDispatchThread.java:90) [?:?]
2021-11-01 01:33:24,662 ERROR o.a.j.r.ClassFinder: Error filtering class okhttp3.internal.tls.BasicTrustRootIndex, it will be ignored
java.lang.IncompatibleClassChangeError: class okhttp3.internal.tls.BasicTrustRootIndex can not implement okhttp3.internal.tls.TrustRootIndex, because it is not an interface (okhttp3.internal.tls.TrustRootIndex is in unnamed module of loader org.apache.jmeter.DynamicClassLoader @483bf400)
	at java.lang.ClassLoader.defineClass1(Native Method) ~[?:?]
	at java.lang.ClassLoader.defineClass(ClassLoader.java:1012) ~[?:?]
	at java.security.SecureClassLoader.defineClass(SecureClassLoader.java:150) ~[?:?]
	at java.net.URLClassLoader.defineClass(URLClassLoader.java:519) ~[?:?]
	at java.net.URLClassLoader$1.run(URLClassLoader.java:427) ~[?:?]
	at java.net.URLClassLoader$1.run(URLClassLoader.java:421) ~[?:?]
	at java.security.AccessController.doPrivileged(AccessController.java:712) ~[?:?]
	at java.net.URLClassLoader.findClass(URLClassLoader.java:420) ~[?:?]
	at java.lang.ClassLoader.loadClass(ClassLoader.java:587) ~[?:?]
	at java.lang.ClassLoader.loadClass(ClassLoader.java:520) ~[?:?]
	at java.lang.Class.forName0(Native Method) ~[?:?]
	at java.lang.Class.forName(Class.java:467) ~[?:?]
	at org.apache.jorphan.reflect.ClassFinder$ExtendsClassFilter.isChildOf(ClassFinder.java:100) ~[jorphan.jar:5.4.1]
	at org.apache.jorphan.reflect.ClassFinder$ExtendsClassFilter.accept(ClassFinder.java:86) ~[jorphan.jar:5.4.1]
	at org.apache.jorphan.reflect.ClassFinder.applyFiltering(ClassFinder.java:404) ~[jorphan.jar:5.4.1]
	at org.apache.jorphan.reflect.ClassFinder.lambda$findClassesInOnePath$2(ClassFinder.java:364) ~[jorphan.jar:5.4.1]
	at java.util.stream.ForEachOps$ForEachOp$OfRef.accept(ForEachOps.java:183) ~[?:?]
	at java.util.stream.ReferencePipeline$2$1.accept(ReferencePipeline.java:179) ~[?:?]
	at java.util.zip.ZipFile$EntrySpliterator.tryAdvance(ZipFile.java:557) ~[?:?]
	at java.util.Spliterator.forEachRemaining(Spliterator.java:332) ~[?:?]
	at java.util.stream.AbstractPipeline.copyInto(AbstractPipeline.java:509) ~[?:?]
	at java.util.stream.AbstractPipeline.wrapAndCopyInto(AbstractPipeline.java:499) ~[?:?]
	at java.util.stream.ForEachOps$ForEachOp.evaluateSequential(ForEachOps.java:150) ~[?:?]
	at java.util.stream.ForEachOps$ForEachOp$OfRef.evaluateSequential(ForEachOps.java:173) ~[?:?]
	at java.util.stream.AbstractPipeline.evaluate(AbstractPipeline.java:234) ~[?:?]
	at java.util.stream.ReferencePipeline.forEach(ReferencePipeline.java:596) ~[?:?]
	at org.apache.jorphan.reflect.ClassFinder.findClassesInOnePath(ClassFinder.java:362) ~[jorphan.jar:5.4.1]
	at org.apache.jorphan.reflect.ClassFinder.findClasses(ClassFinder.java:326) ~[jorphan.jar:5.4.1]
	at org.apache.jorphan.reflect.ClassFinder.findClassesThatExtend(ClassFinder.java:299) ~[jorphan.jar:5.4.1]
	at org.apache.jorphan.reflect.ClassFinder.findClassesThatExtend(ClassFinder.java:231) ~[jorphan.jar:5.4.1]
	at org.apache.jorphan.reflect.ClassFinder.findClassesThatExtend(ClassFinder.java:213) ~[jorphan.jar:5.4.1]
	at org.apache.jorphan.reflect.ClassFinder.findClassesThatExtend(ClassFinder.java:182) ~[jorphan.jar:5.4.1]
	at org.apache.jmeter.gui.util.MenuFactory.initializeMenus(MenuFactory.java:128) ~[ApacheJMeter_core.jar:5.4.1]
	at org.apache.jmeter.gui.util.MenuFactory.<clinit>(MenuFactory.java:107) ~[ApacheJMeter_core.jar:5.4.1]
	at org.apache.jmeter.control.gui.TestPlanGui.createPopupMenu(TestPlanGui.java:94) ~[ApacheJMeter_core.jar:5.4.1]
	at org.apache.jmeter.gui.tree.JMeterTreeNode.createPopupMenu(JMeterTreeNode.java:184) ~[ApacheJMeter_core.jar:5.4.1]
	at org.apache.jmeter.gui.action.EditCommand.doAction(EditCommand.java:46) ~[ApacheJMeter_core.jar:5.4.1]
	at org.apache.jmeter.gui.action.ActionRouter.performAction(ActionRouter.java:87) ~[ApacheJMeter_core.jar:5.4.1]
	at org.apache.jmeter.gui.action.ActionRouter.lambda$actionPerformed$0(ActionRouter.java:69) ~[ApacheJMeter_core.jar:5.4.1]
	at java.awt.event.InvocationEvent.dispatch(InvocationEvent.java:318) [?:?]
	at java.awt.EventQueue.dispatchEventImpl(EventQueue.java:771) [?:?]
	at java.awt.EventQueue$4.run(EventQueue.java:722) [?:?]
	at java.awt.EventQueue$4.run(EventQueue.java:716) [?:?]
	at java.security.AccessController.doPrivileged(AccessController.java:399) ~[?:?]
	at java.security.ProtectionDomain$JavaSecurityAccessImpl.doIntersectionPrivilege(ProtectionDomain.java:86) ~[?:?]
	at java.awt.EventQueue.dispatchEvent(EventQueue.java:741) ~[?:?]
	at java.awt.EventDispatchThread.pumpOneEventForFilters(EventDispatchThread.java:203) ~[?:?]
	at java.awt.EventDispatchThread.pumpEventsForFilter(EventDispatchThread.java:124) ~[?:?]
	at java.awt.EventDispatchThread.pumpEventsForFilter(EventDispatchThread.java:117) ~[?:?]
	at java.awt.WaitDispatchSupport$2.run(WaitDispatchSupport.java:191) ~[?:?]
	at java.awt.WaitDispatchSupport$4.run(WaitDispatchSupport.java:236) ~[?:?]
	at java.awt.WaitDispatchSupport$4.run(WaitDispatchSupport.java:234) ~[?:?]
	at java.security.AccessController.doPrivileged(AccessController.java:318) [?:?]
	at java.awt.WaitDispatchSupport.enter(WaitDispatchSupport.java:234) ~[?:?]
	at java.awt.Dialog.show(Dialog.java:1080) ~[?:?]
	at java.awt.Component.show(Component.java:1728) ~[?:?]
	at java.awt.Component.setVisible(Component.java:1675) ~[?:?]
	at java.awt.Window.setVisible(Window.java:1036) ~[?:?]
	at java.awt.Dialog.setVisible(Dialog.java:1016) ~[?:?]
	at org.apache.jmeter.SplashScreen.lambda$showScreen$0(SplashScreen.java:95) ~[ApacheJMeter_core.jar:5.4.1]
	at java.awt.event.InvocationEvent.dispatch(InvocationEvent.java:318) ~[?:?]
	at java.awt.EventQueue.dispatchEventImpl(EventQueue.java:771) ~[?:?]
	at java.awt.EventQueue$4.run(EventQueue.java:722) ~[?:?]
	at java.awt.EventQueue$4.run(EventQueue.java:716) ~[?:?]
	at java.security.AccessController.doPrivileged(AccessController.java:399) [?:?]
	at java.security.ProtectionDomain$JavaSecurityAccessImpl.doIntersectionPrivilege(ProtectionDomain.java:86) [?:?]
	at java.awt.EventQueue.dispatchEvent(EventQueue.java:741) [?:?]
	at java.awt.EventDispatchThread.pumpOneEventForFilters(EventDispatchThread.java:203) [?:?]
	at java.awt.EventDispatchThread.pumpEventsForFilter(EventDispatchThread.java:124) [?:?]
	at java.awt.EventDispatchThread.pumpEventsForHierarchy(EventDispatchThread.java:113) [?:?]
	at java.awt.EventDispatchThread.pumpEvents(EventDispatchThread.java:109) [?:?]
	at java.awt.EventDispatchThread.pumpEvents(EventDispatchThread.java:101) [?:?]
	at java.awt.EventDispatchThread.run(EventDispatchThread.java:90) [?:?]
2021-11-01 01:33:24,705 ERROR o.a.j.r.ClassFinder: Error filtering class retrofit2.HttpServiceMethod, it will be ignored
java.lang.IncompatibleClassChangeError: class retrofit2.HttpServiceMethod cannot inherit from final class retrofit2.ServiceMethod
	at java.lang.ClassLoader.defineClass1(Native Method) ~[?:?]
	at java.lang.ClassLoader.defineClass(ClassLoader.java:1012) ~[?:?]
	at java.security.SecureClassLoader.defineClass(SecureClassLoader.java:150) ~[?:?]
	at java.net.URLClassLoader.defineClass(URLClassLoader.java:519) ~[?:?]
	at java.net.URLClassLoader$1.run(URLClassLoader.java:427) ~[?:?]
	at java.net.URLClassLoader$1.run(URLClassLoader.java:421) ~[?:?]
	at java.security.AccessController.doPrivileged(AccessController.java:712) ~[?:?]
	at java.net.URLClassLoader.findClass(URLClassLoader.java:420) ~[?:?]
	at java.lang.ClassLoader.loadClass(ClassLoader.java:587) ~[?:?]
	at java.lang.ClassLoader.loadClass(ClassLoader.java:520) ~[?:?]
	at java.lang.Class.forName0(Native Method) ~[?:?]
	at java.lang.Class.forName(Class.java:467) ~[?:?]
	at org.apache.jorphan.reflect.ClassFinder$ExtendsClassFilter.isChildOf(ClassFinder.java:100) ~[jorphan.jar:5.4.1]
	at org.apache.jorphan.reflect.ClassFinder$ExtendsClassFilter.accept(ClassFinder.java:86) ~[jorphan.jar:5.4.1]
	at org.apache.jorphan.reflect.ClassFinder.applyFiltering(ClassFinder.java:404) ~[jorphan.jar:5.4.1]
	at org.apache.jorphan.reflect.ClassFinder.lambda$findClassesInOnePath$2(ClassFinder.java:364) ~[jorphan.jar:5.4.1]
	at java.util.stream.ForEachOps$ForEachOp$OfRef.accept(ForEachOps.java:183) ~[?:?]
	at java.util.stream.ReferencePipeline$2$1.accept(ReferencePipeline.java:179) ~[?:?]
	at java.util.zip.ZipFile$EntrySpliterator.tryAdvance(ZipFile.java:557) ~[?:?]
	at java.util.Spliterator.forEachRemaining(Spliterator.java:332) ~[?:?]
	at java.util.stream.AbstractPipeline.copyInto(AbstractPipeline.java:509) ~[?:?]
	at java.util.stream.AbstractPipeline.wrapAndCopyInto(AbstractPipeline.java:499) ~[?:?]
	at java.util.stream.ForEachOps$ForEachOp.evaluateSequential(ForEachOps.java:150) ~[?:?]
	at java.util.stream.ForEachOps$ForEachOp$OfRef.evaluateSequential(ForEachOps.java:173) ~[?:?]
	at java.util.stream.AbstractPipeline.evaluate(AbstractPipeline.java:234) ~[?:?]
	at java.util.stream.ReferencePipeline.forEach(ReferencePipeline.java:596) ~[?:?]
	at org.apache.jorphan.reflect.ClassFinder.findClassesInOnePath(ClassFinder.java:362) ~[jorphan.jar:5.4.1]
	at org.apache.jorphan.reflect.ClassFinder.findClasses(ClassFinder.java:326) ~[jorphan.jar:5.4.1]
	at org.apache.jorphan.reflect.ClassFinder.findClassesThatExtend(ClassFinder.java:299) ~[jorphan.jar:5.4.1]
	at org.apache.jorphan.reflect.ClassFinder.findClassesThatExtend(ClassFinder.java:231) ~[jorphan.jar:5.4.1]
	at org.apache.jorphan.reflect.ClassFinder.findClassesThatExtend(ClassFinder.java:213) ~[jorphan.jar:5.4.1]
	at org.apache.jorphan.reflect.ClassFinder.findClassesThatExtend(ClassFinder.java:182) ~[jorphan.jar:5.4.1]
	at org.apache.jmeter.gui.util.MenuFactory.initializeMenus(MenuFactory.java:128) ~[ApacheJMeter_core.jar:5.4.1]
	at org.apache.jmeter.gui.util.MenuFactory.<clinit>(MenuFactory.java:107) ~[ApacheJMeter_core.jar:5.4.1]
	at org.apache.jmeter.control.gui.TestPlanGui.createPopupMenu(TestPlanGui.java:94) ~[ApacheJMeter_core.jar:5.4.1]
	at org.apache.jmeter.gui.tree.JMeterTreeNode.createPopupMenu(JMeterTreeNode.java:184) ~[ApacheJMeter_core.jar:5.4.1]
	at org.apache.jmeter.gui.action.EditCommand.doAction(EditCommand.java:46) ~[ApacheJMeter_core.jar:5.4.1]
	at org.apache.jmeter.gui.action.ActionRouter.performAction(ActionRouter.java:87) ~[ApacheJMeter_core.jar:5.4.1]
	at org.apache.jmeter.gui.action.ActionRouter.lambda$actionPerformed$0(ActionRouter.java:69) ~[ApacheJMeter_core.jar:5.4.1]
	at java.awt.event.InvocationEvent.dispatch(InvocationEvent.java:318) [?:?]
	at java.awt.EventQueue.dispatchEventImpl(EventQueue.java:771) [?:?]
	at java.awt.EventQueue$4.run(EventQueue.java:722) [?:?]
	at java.awt.EventQueue$4.run(EventQueue.java:716) [?:?]
	at java.security.AccessController.doPrivileged(AccessController.java:399) ~[?:?]
	at java.security.ProtectionDomain$JavaSecurityAccessImpl.doIntersectionPrivilege(ProtectionDomain.java:86) ~[?:?]
	at java.awt.EventQueue.dispatchEvent(EventQueue.java:741) ~[?:?]
	at java.awt.EventDispatchThread.pumpOneEventForFilters(EventDispatchThread.java:203) ~[?:?]
	at java.awt.EventDispatchThread.pumpEventsForFilter(EventDispatchThread.java:124) ~[?:?]
	at java.awt.EventDispatchThread.pumpEventsForFilter(EventDispatchThread.java:117) ~[?:?]
	at java.awt.WaitDispatchSupport$2.run(WaitDispatchSupport.java:191) ~[?:?]
	at java.awt.WaitDispatchSupport$4.run(WaitDispatchSupport.java:236) ~[?:?]
	at java.awt.WaitDispatchSupport$4.run(WaitDispatchSupport.java:234) ~[?:?]
	at java.security.AccessController.doPrivileged(AccessController.java:318) [?:?]
	at java.awt.WaitDispatchSupport.enter(WaitDispatchSupport.java:234) ~[?:?]
	at java.awt.Dialog.show(Dialog.java:1080) ~[?:?]
	at java.awt.Component.show(Component.java:1728) ~[?:?]
	at java.awt.Component.setVisible(Component.java:1675) ~[?:?]
	at java.awt.Window.setVisible(Window.java:1036) ~[?:?]
	at java.awt.Dialog.setVisible(Dialog.java:1016) ~[?:?]
	at org.apache.jmeter.SplashScreen.lambda$showScreen$0(SplashScreen.java:95) ~[ApacheJMeter_core.jar:5.4.1]
	at java.awt.event.InvocationEvent.dispatch(InvocationEvent.java:318) ~[?:?]
	at java.awt.EventQueue.dispatchEventImpl(EventQueue.java:771) ~[?:?]
	at java.awt.EventQueue$4.run(EventQueue.java:722) ~[?:?]
	at java.awt.EventQueue$4.run(EventQueue.java:716) ~[?:?]
	at java.security.AccessController.doPrivileged(AccessController.java:399) [?:?]
	at java.security.ProtectionDomain$JavaSecurityAccessImpl.doIntersectionPrivilege(ProtectionDomain.java:86) [?:?]
	at java.awt.EventQueue.dispatchEvent(EventQueue.java:741) [?:?]
	at java.awt.EventDispatchThread.pumpOneEventForFilters(EventDispatchThread.java:203) [?:?]
	at java.awt.EventDispatchThread.pumpEventsForFilter(EventDispatchThread.java:124) [?:?]
	at java.awt.EventDispatchThread.pumpEventsForHierarchy(EventDispatchThread.java:113) [?:?]
	at java.awt.EventDispatchThread.pumpEvents(EventDispatchThread.java:109) [?:?]
	at java.awt.EventDispatchThread.pumpEvents(EventDispatchThread.java:101) [?:?]
	at java.awt.EventDispatchThread.run(EventDispatchThread.java:90) [?:?]
2021-11-01 01:33:24,967 INFO o.j.r.PluginManager: Plugins Status: [jpgc-casutg=2.9, jpgc-plugins-manager=1.6, jpgc-csvars=0.1, jmeter-core=5.4.1, jmeter-ftp=5.4.1, jmeter-http=5.4.1, jmeter-jdbc=5.4.1, jmeter-jms=5.4.1, jmeter-junit=5.4.1, jmeter-java=5.4.1, jmeter-ldap=5.4.1, jmeter-mail=5.4.1, jmeter-mongodb=5.4.1, jmeter-native=5.4.1, jmeter-tcp=5.4.1, jmeter-components=5.4.1]
2021-11-01 01:33:24,968 INFO o.j.r.PluginManagerMenuItem: Plugins Manager has upgrades: [jpgc-casutg]
2021-11-01 01:33:43,966 INFO o.a.j.s.FileServer: Default base='/Users/kodjo/workspace/afriex-jmeter-testbench'
